<?xml version="1.0" encoding="UTF-8"?>
<testsuite xmlns:xsi="http://www.w3.org/2001/XMLSchema-instance" xsi:noNamespaceSchemaLocation="https://maven.apache.org/surefire/maven-surefire-plugin/xsd/surefire-test-report-3.0.xsd" version="3.0" name="runner.runner" time="118.234" tests="5" errors="0" skipped="0" failures="2">
  <properties>
    <property name="java.specification.version" value="18"/>
    <property name="webdriver.chrome.driver" value="C:\Users\lerato.motshabi\.cache\selenium\chromedriver\win32\105.0.5195.52\chromedriver.exe"/>
    <property name="sun.cpu.isalist" value="amd64"/>
    <property name="sun.jnu.encoding" value="Cp1252"/>
    <property name="java.class.path" value="C:\Users\lerato.motshabi\NewSpace\CucumberFramework.nopCommerce\target\test-classes;C:\Users\lerato.motshabi\NewSpace\CucumberFramework.nopCommerce\target\classes;C:\Users\lerato.motshabi\.m2\repository\org\seleniumhq\selenium\selenium-java\4.0.0\selenium-java-4.0.0.jar;C:\Users\lerato.motshabi\.m2\repository\org\seleniumhq\selenium\selenium-api\4.0.0\selenium-api-4.0.0.jar;C:\Users\lerato.motshabi\.m2\repository\org\seleniumhq\selenium\selenium-chrome-driver\4.0.0\selenium-chrome-driver-4.0.0.jar;C:\Users\lerato.motshabi\.m2\repository\com\google\auto\service\auto-service-annotations\1.0\auto-service-annotations-1.0.jar;C:\Users\lerato.motshabi\.m2\repository\com\google\auto\service\auto-service\1.0\auto-service-1.0.jar;C:\Users\lerato.motshabi\.m2\repository\com\google\auto\auto-common\1.0\auto-common-1.0.jar;C:\Users\lerato.motshabi\.m2\repository\com\google\guava\guava\31.0.1-jre\guava-31.0.1-jre.jar;C:\Users\lerato.motshabi\.m2\repository\com\google\guava\failureaccess\1.0.1\failureaccess-1.0.1.jar;C:\Users\lerato.motshabi\.m2\repository\com\google\guava\listenablefuture\9999.0-empty-to-avoid-conflict-with-guava\listenablefuture-9999.0-empty-to-avoid-conflict-with-guava.jar;C:\Users\lerato.motshabi\.m2\repository\org\checkerframework\checker-qual\3.12.0\checker-qual-3.12.0.jar;C:\Users\lerato.motshabi\.m2\repository\com\google\errorprone\error_prone_annotations\2.7.1\error_prone_annotations-2.7.1.jar;C:\Users\lerato.motshabi\.m2\repository\com\google\j2objc\j2objc-annotations\1.3\j2objc-annotations-1.3.jar;C:\Users\lerato.motshabi\.m2\repository\org\seleniumhq\selenium\selenium-chromium-driver\4.0.0\selenium-chromium-driver-4.0.0.jar;C:\Users\lerato.motshabi\.m2\repository\org\seleniumhq\selenium\selenium-json\4.0.0\selenium-json-4.0.0.jar;C:\Users\lerato.motshabi\.m2\repository\org\seleniumhq\selenium\selenium-devtools-v85\4.0.0\selenium-devtools-v85-4.0.0.jar;C:\Users\lerato.motshabi\.m2\repository\org\seleniumhq\selenium\selenium-devtools-v93\4.0.0\selenium-devtools-v93-4.0.0.jar;C:\Users\lerato.motshabi\.m2\repository\org\seleniumhq\selenium\selenium-devtools-v94\4.0.0\selenium-devtools-v94-4.0.0.jar;C:\Users\lerato.motshabi\.m2\repository\org\seleniumhq\selenium\selenium-devtools-v95\4.0.0\selenium-devtools-v95-4.0.0.jar;C:\Users\lerato.motshabi\.m2\repository\org\seleniumhq\selenium\selenium-edge-driver\4.0.0\selenium-edge-driver-4.0.0.jar;C:\Users\lerato.motshabi\.m2\repository\org\seleniumhq\selenium\selenium-firefox-driver\4.0.0\selenium-firefox-driver-4.0.0.jar;C:\Users\lerato.motshabi\.m2\repository\org\seleniumhq\selenium\selenium-firefox-xpi-driver\4.0.0\selenium-firefox-xpi-driver-4.0.0.jar;C:\Users\lerato.motshabi\.m2\repository\org\seleniumhq\selenium\selenium-ie-driver\4.0.0\selenium-ie-driver-4.0.0.jar;C:\Users\lerato.motshabi\.m2\repository\org\seleniumhq\selenium\selenium-opera-driver\4.0.0\selenium-opera-driver-4.0.0.jar;C:\Users\lerato.motshabi\.m2\repository\org\seleniumhq\selenium\selenium-remote-driver\4.0.0\selenium-remote-driver-4.0.0.jar;C:\Users\lerato.motshabi\.m2\repository\com\beust\jcommander\1.81\jcommander-1.81.jar;C:\Users\lerato.motshabi\.m2\repository\io\netty\netty-buffer\4.1.68.Final\netty-buffer-4.1.68.Final.jar;C:\Users\lerato.motshabi\.m2\repository\io\netty\netty-codec-http\4.1.67.Final\netty-codec-http-4.1.67.Final.jar;C:\Users\lerato.motshabi\.m2\repository\io\netty\netty-codec\4.1.67.Final\netty-codec-4.1.67.Final.jar;C:\Users\lerato.motshabi\.m2\repository\io\netty\netty-handler\4.1.67.Final\netty-handler-4.1.67.Final.jar;C:\Users\lerato.motshabi\.m2\repository\io\netty\netty-common\4.1.68.Final\netty-common-4.1.68.Final.jar;C:\Users\lerato.motshabi\.m2\repository\io\netty\netty-transport-native-epoll\4.1.67.Final\netty-transport-native-epoll-4.1.67.Final.jar;C:\Users\lerato.motshabi\.m2\repository\io\netty\netty-transport-native-kqueue\4.1.67.Final\netty-transport-native-kqueue-4.1.67.Final.jar;C:\Users\lerato.motshabi\.m2\repository\io\netty\netty-transport-native-unix-common\4.1.67.Final\netty-transport-native-unix-common-4.1.67.Final.jar;C:\Users\lerato.motshabi\.m2\repository\io\netty\netty-transport\4.1.68.Final\netty-transport-4.1.68.Final.jar;C:\Users\lerato.motshabi\.m2\repository\io\netty\netty-resolver\4.1.68.Final\netty-resolver-4.1.68.Final.jar;C:\Users\lerato.motshabi\.m2\repository\io\opentelemetry\opentelemetry-api\1.6.0\opentelemetry-api-1.6.0.jar;C:\Users\lerato.motshabi\.m2\repository\io\opentelemetry\opentelemetry-context\1.6.0\opentelemetry-context-1.6.0.jar;C:\Users\lerato.motshabi\.m2\repository\io\opentelemetry\opentelemetry-exporter-logging\1.6.0\opentelemetry-exporter-logging-1.6.0.jar;C:\Users\lerato.motshabi\.m2\repository\io\opentelemetry\opentelemetry-sdk-metrics\1.6.0-alpha\opentelemetry-sdk-metrics-1.6.0-alpha.jar;C:\Users\lerato.motshabi\.m2\repository\io\opentelemetry\opentelemetry-sdk-common\1.6.0\opentelemetry-sdk-common-1.6.0.jar;C:\Users\lerato.motshabi\.m2\repository\io\opentelemetry\opentelemetry-sdk-extension-autoconfigure-spi\1.6.0\opentelemetry-sdk-extension-autoconfigure-spi-1.6.0.jar;C:\Users\lerato.motshabi\.m2\repository\io\opentelemetry\opentelemetry-sdk-extension-autoconfigure\1.6.0-alpha\opentelemetry-sdk-extension-autoconfigure-1.6.0-alpha.jar;C:\Users\lerato.motshabi\.m2\repository\io\opentelemetry\opentelemetry-sdk-trace\1.6.0\opentelemetry-sdk-trace-1.6.0.jar;C:\Users\lerato.motshabi\.m2\repository\io\opentelemetry\opentelemetry-api-metrics\1.6.0-alpha\opentelemetry-api-metrics-1.6.0-alpha.jar;C:\Users\lerato.motshabi\.m2\repository\io\opentelemetry\opentelemetry-sdk\1.6.0\opentelemetry-sdk-1.6.0.jar;C:\Users\lerato.motshabi\.m2\repository\io\opentelemetry\opentelemetry-semconv\1.6.0-alpha\opentelemetry-semconv-1.6.0-alpha.jar;C:\Users\lerato.motshabi\.m2\repository\io\ous\jtoml\2.0.0\jtoml-2.0.0.jar;C:\Users\lerato.motshabi\.m2\repository\net\bytebuddy\byte-buddy\1.11.19\byte-buddy-1.11.19.jar;C:\Users\lerato.motshabi\.m2\repository\org\apache\commons\commons-exec\1.3\commons-exec-1.3.jar;C:\Users\lerato.motshabi\.m2\repository\org\asynchttpclient\async-http-client\2.12.3\async-http-client-2.12.3.jar;C:\Users\lerato.motshabi\.m2\repository\org\asynchttpclient\async-http-client-netty-utils\2.12.3\async-http-client-netty-utils-2.12.3.jar;C:\Users\lerato.motshabi\.m2\repository\io\netty\netty-codec-socks\4.1.60.Final\netty-codec-socks-4.1.60.Final.jar;C:\Users\lerato.motshabi\.m2\repository\io\netty\netty-handler-proxy\4.1.60.Final\netty-handler-proxy-4.1.60.Final.jar;C:\Users\lerato.motshabi\.m2\repository\io\netty\netty-transport-native-epoll\4.1.60.Final\netty-transport-native-epoll-4.1.60.Final-linux-x86_64.jar;C:\Users\lerato.motshabi\.m2\repository\io\netty\netty-transport-native-kqueue\4.1.60.Final\netty-transport-native-kqueue-4.1.60.Final-osx-x86_64.jar;C:\Users\lerato.motshabi\.m2\repository\org\reactivestreams\reactive-streams\1.0.3\reactive-streams-1.0.3.jar;C:\Users\lerato.motshabi\.m2\repository\com\typesafe\netty\netty-reactive-streams\2.0.4\netty-reactive-streams-2.0.4.jar;C:\Users\lerato.motshabi\.m2\repository\org\seleniumhq\selenium\selenium-http\4.0.0\selenium-http-4.0.0.jar;C:\Users\lerato.motshabi\.m2\repository\org\seleniumhq\selenium\selenium-safari-driver\4.0.0\selenium-safari-driver-4.0.0.jar;C:\Users\lerato.motshabi\.m2\repository\org\seleniumhq\selenium\selenium-support\4.0.0\selenium-support-4.0.0.jar;C:\Users\lerato.motshabi\.m2\repository\io\github\bonigarcia\webdrivermanager\5.2.1\webdrivermanager-5.2.1.jar;C:\Users\lerato.motshabi\.m2\repository\org\slf4j\slf4j-api\1.7.36\slf4j-api-1.7.36.jar;C:\Users\lerato.motshabi\.m2\repository\com\google\code\gson\gson\2.9.0\gson-2.9.0.jar;C:\Users\lerato.motshabi\.m2\repository\com\github\docker-java\docker-java\3.2.13\docker-java-3.2.13.jar;C:\Users\lerato.motshabi\.m2\repository\com\github\docker-java\docker-java-core\3.2.13\docker-java-core-3.2.13.jar;C:\Users\lerato.motshabi\.m2\repository\com\github\docker-java\docker-java-api\3.2.13\docker-java-api-3.2.13.jar;C:\Users\lerato.motshabi\.m2\repository\com\fasterxml\jackson\core\jackson-annotations\2.10.3\jackson-annotations-2.10.3.jar;C:\Users\lerato.motshabi\.m2\repository\commons-io\commons-io\2.6\commons-io-2.6.jar;C:\Users\lerato.motshabi\.m2\repository\org\apache\commons\commons-compress\1.21\commons-compress-1.21.jar;C:\Users\lerato.motshabi\.m2\repository\com\fasterxml\jackson\core\jackson-databind\2.10.3\jackson-databind-2.10.3.jar;C:\Users\lerato.motshabi\.m2\repository\com\fasterxml\jackson\core\jackson-core\2.10.3\jackson-core-2.10.3.jar;C:\Users\lerato.motshabi\.m2\repository\org\bouncycastle\bcpkix-jdk15on\1.64\bcpkix-jdk15on-1.64.jar;C:\Users\lerato.motshabi\.m2\repository\org\bouncycastle\bcprov-jdk15on\1.64\bcprov-jdk15on-1.64.jar;C:\Users\lerato.motshabi\.m2\repository\org\slf4j\jcl-over-slf4j\1.7.30\jcl-over-slf4j-1.7.30.jar;C:\Users\lerato.motshabi\.m2\repository\com\github\docker-java\docker-java-transport-httpclient5\3.2.13\docker-java-transport-httpclient5-3.2.13.jar;C:\Users\lerato.motshabi\.m2\repository\com\github\docker-java\docker-java-transport\3.2.13\docker-java-transport-3.2.13.jar;C:\Users\lerato.motshabi\.m2\repository\net\java\dev\jna\jna\5.8.0\jna-5.8.0.jar;C:\Users\lerato.motshabi\.m2\repository\org\brotli\dec\0.1.2\dec-0.1.2.jar;C:\Users\lerato.motshabi\.m2\repository\org\apache\commons\commons-lang3\3.12.0\commons-lang3-3.12.0.jar;C:\Users\lerato.motshabi\.m2\repository\org\apache\httpcomponents\client5\httpclient5\5.1.3\httpclient5-5.1.3.jar;C:\Users\lerato.motshabi\.m2\repository\org\apache\httpcomponents\core5\httpcore5\5.1.3\httpcore5-5.1.3.jar;C:\Users\lerato.motshabi\.m2\repository\org\apache\httpcomponents\core5\httpcore5-h2\5.1.3\httpcore5-h2-5.1.3.jar;C:\Users\lerato.motshabi\.m2\repository\commons-codec\commons-codec\1.15\commons-codec-1.15.jar;C:\Users\lerato.motshabi\.m2\repository\io\cucumber\cucumber-java\7.4.1\cucumber-java-7.4.1.jar;C:\Users\lerato.motshabi\.m2\repository\org\apiguardian\apiguardian-api\1.1.2\apiguardian-api-1.1.2.jar;C:\Users\lerato.motshabi\.m2\repository\io\cucumber\cucumber-core\7.4.1\cucumber-core-7.4.1.jar;C:\Users\lerato.motshabi\.m2\repository\io\cucumber\cucumber-gherkin\7.4.1\cucumber-gherkin-7.4.1.jar;C:\Users\lerato.motshabi\.m2\repository\io\cucumber\cucumber-gherkin-messages\7.4.1\cucumber-gherkin-messages-7.4.1.jar;C:\Users\lerato.motshabi\.m2\repository\io\cucumber\gherkin\23.0.1\gherkin-23.0.1.jar;C:\Users\lerato.motshabi\.m2\repository\io\cucumber\messages\18.0.0\messages-18.0.0.jar;C:\Users\lerato.motshabi\.m2\repository\io\cucumber\tag-expressions\4.1.0\tag-expressions-4.1.0.jar;C:\Users\lerato.motshabi\.m2\repository\io\cucumber\cucumber-expressions\16.0.0\cucumber-expressions-16.0.0.jar;C:\Users\lerato.motshabi\.m2\repository\io\cucumber\datatable\7.4.1\datatable-7.4.1.jar;C:\Users\lerato.motshabi\.m2\repository\io\cucumber\cucumber-plugin\7.4.1\cucumber-plugin-7.4.1.jar;C:\Users\lerato.motshabi\.m2\repository\io\cucumber\docstring\7.4.1\docstring-7.4.1.jar;C:\Users\lerato.motshabi\.m2\repository\io\cucumber\html-formatter\19.2.0\html-formatter-19.2.0.jar;C:\Users\lerato.motshabi\.m2\repository\io\cucumber\ci-environment\9.0.4\ci-environment-9.0.4.jar;C:\Users\lerato.motshabi\.m2\repository\io\cucumber\cucumber-testng\7.4.1\cucumber-testng-7.4.1.jar;C:\Users\lerato.motshabi\.m2\repository\org\testng\testng\7.6.0\testng-7.6.0.jar;C:\Users\lerato.motshabi\.m2\repository\com\google\code\findbugs\jsr305\3.0.2\jsr305-3.0.2.jar;C:\Users\lerato.motshabi\.m2\repository\org\webjars\jquery\3.6.0\jquery-3.6.0.jar;C:\Users\lerato.motshabi\.m2\repository\tech\grasshopper\extentreports-cucumber7-adapter\1.7.0\extentreports-cucumber7-adapter-1.7.0.jar;C:\Users\lerato.motshabi\.m2\repository\com\aventstack\extentreports\5.0.9\extentreports-5.0.9.jar;C:\Users\lerato.motshabi\.m2\repository\io\reactivex\rxjava3\rxjava\3.0.4\rxjava-3.0.4.jar;C:\Users\lerato.motshabi\.m2\repository\org\freemarker\freemarker\2.3.30\freemarker-2.3.30.jar;C:\Users\lerato.motshabi\.m2\repository\tech\grasshopper\extent-pdf-report\2.7.0\extent-pdf-report-2.7.0.jar;C:\Users\lerato.motshabi\.m2\repository\tech\grasshopper\cucumber-pdf-report\2.10.0\cucumber-pdf-report-2.10.0.jar;C:\Users\lerato.motshabi\.m2\repository\org\apache\pdfbox\pdfbox\2.0.26\pdfbox-2.0.26.jar;C:\Users\lerato.motshabi\.m2\repository\org\apache\pdfbox\fontbox\2.0.26\fontbox-2.0.26.jar;C:\Users\lerato.motshabi\.m2\repository\org\knowm\xchart\xchart\3.8.0\xchart-3.8.0.jar;C:\Users\lerato.motshabi\.m2\repository\de\erichseifert\vectorgraphics2d\VectorGraphics2D\0.13\VectorGraphics2D-0.13.jar;C:\Users\lerato.motshabi\.m2\repository\de\rototor\pdfbox\graphics2d\0.30\graphics2d-0.30.jar;C:\Users\lerato.motshabi\.m2\repository\com\madgag\animated-gif-lib\1.4\animated-gif-lib-1.4.jar;C:\Users\lerato.motshabi\.m2\repository\org\yaml\snakeyaml\1.28\snakeyaml-1.28.jar;C:\Users\lerato.motshabi\.m2\repository\tech\grasshopper\table-layout\1.5.1\table-layout-1.5.1.jar;C:\Users\lerato.motshabi\.m2\repository\tech\grasshopper\rest-assured-cucumber-pdf-report\1.4.1\rest-assured-cucumber-pdf-report-1.4.1.jar;C:\Users\lerato.motshabi\.m2\repository\org\jsoup\jsoup\1.14.3\jsoup-1.14.3.jar;C:\Users\lerato.motshabi\.m2\repository\com\aventstack\klov-reporter\5.0.9\klov-reporter-5.0.9.jar;C:\Users\lerato.motshabi\.m2\repository\org\mongodb\mongodb-driver\3.6.4\mongodb-driver-3.6.4.jar;C:\Users\lerato.motshabi\.m2\repository\org\mongodb\mongodb-driver-core\3.6.4\mongodb-driver-core-3.6.4.jar;C:\Users\lerato.motshabi\.m2\repository\org\mongodb\bson\3.6.4\bson-3.6.4.jar;C:\Users\lerato.motshabi\.m2\repository\org\apache\httpcomponents\httpclient\4.5.13\httpclient-4.5.13.jar;C:\Users\lerato.motshabi\.m2\repository\org\apache\httpcomponents\httpcore\4.4.13\httpcore-4.4.13.jar;C:\Users\lerato.motshabi\.m2\repository\commons-logging\commons-logging\1.2\commons-logging-1.2.jar;C:\Users\lerato.motshabi\.m2\repository\org\apache\httpcomponents\httpmime\4.5.13\httpmime-4.5.13.jar;C:\Users\lerato.motshabi\.m2\repository\tech\grasshopper\htmlextentreporter\1.0.1\htmlextentreporter-1.0.1.jar;C:\Users\lerato.motshabi\.m2\repository\com\guicedee\services\jakarta.mail\1.2.2.1\jakarta.mail-1.2.2.1.jar;C:\Users\lerato.motshabi\.m2\repository\com\sun\mail\jakarta.mail\2.0.1\jakarta.mail-2.0.1.jar;C:\Users\lerato.motshabi\.m2\repository\com\sun\activation\jakarta.activation\2.0.1\jakarta.activation-2.0.1.jar;C:\Users\lerato.motshabi\.m2\repository\org\projectlombok\lombok\1.18.24\lombok-1.18.24.jar;"/>
    <property name="java.vm.vendor" value="Oracle Corporation"/>
    <property name="sun.arch.data.model" value="64"/>
    <property name="user.variant" value=""/>
    <property name="java.vendor.url" value="https://java.oracle.com/"/>
    <property name="user.timezone" value="Africa/Johannesburg"/>
    <property name="os.name" value="Windows 10"/>
    <property name="java.vm.specification.version" value="18"/>
    <property name="sun.java.launcher" value="SUN_STANDARD"/>
    <property name="user.country" value="ZA"/>
    <property name="sun.boot.library.path" value="C:\Program Files\Java\jdk-18.0.2.1\bin"/>
    <property name="sun.java.command" value="C:\Users\lerato.motshabi\AppData\Local\Temp\surefire4026839783195715922\surefirebooter-20220902100018559_3.jar C:\Users\lerato.motshabi\AppData\Local\Temp\surefire4026839783195715922 2022-09-02T10-00-16_814-jvmRun1 surefire-20220902100018559_1tmp surefire_0-20220902100018559_2tmp"/>
    <property name="jdk.debug" value="release"/>
    <property name="surefire.test.class.path" value="C:\Users\lerato.motshabi\NewSpace\CucumberFramework.nopCommerce\target\test-classes;C:\Users\lerato.motshabi\NewSpace\CucumberFramework.nopCommerce\target\classes;C:\Users\lerato.motshabi\.m2\repository\org\seleniumhq\selenium\selenium-java\4.0.0\selenium-java-4.0.0.jar;C:\Users\lerato.motshabi\.m2\repository\org\seleniumhq\selenium\selenium-api\4.0.0\selenium-api-4.0.0.jar;C:\Users\lerato.motshabi\.m2\repository\org\seleniumhq\selenium\selenium-chrome-driver\4.0.0\selenium-chrome-driver-4.0.0.jar;C:\Users\lerato.motshabi\.m2\repository\com\google\auto\service\auto-service-annotations\1.0\auto-service-annotations-1.0.jar;C:\Users\lerato.motshabi\.m2\repository\com\google\auto\service\auto-service\1.0\auto-service-1.0.jar;C:\Users\lerato.motshabi\.m2\repository\com\google\auto\auto-common\1.0\auto-common-1.0.jar;C:\Users\lerato.motshabi\.m2\repository\com\google\guava\guava\31.0.1-jre\guava-31.0.1-jre.jar;C:\Users\lerato.motshabi\.m2\repository\com\google\guava\failureaccess\1.0.1\failureaccess-1.0.1.jar;C:\Users\lerato.motshabi\.m2\repository\com\google\guava\listenablefuture\9999.0-empty-to-avoid-conflict-with-guava\listenablefuture-9999.0-empty-to-avoid-conflict-with-guava.jar;C:\Users\lerato.motshabi\.m2\repository\org\checkerframework\checker-qual\3.12.0\checker-qual-3.12.0.jar;C:\Users\lerato.motshabi\.m2\repository\com\google\errorprone\error_prone_annotations\2.7.1\error_prone_annotations-2.7.1.jar;C:\Users\lerato.motshabi\.m2\repository\com\google\j2objc\j2objc-annotations\1.3\j2objc-annotations-1.3.jar;C:\Users\lerato.motshabi\.m2\repository\org\seleniumhq\selenium\selenium-chromium-driver\4.0.0\selenium-chromium-driver-4.0.0.jar;C:\Users\lerato.motshabi\.m2\repository\org\seleniumhq\selenium\selenium-json\4.0.0\selenium-json-4.0.0.jar;C:\Users\lerato.motshabi\.m2\repository\org\seleniumhq\selenium\selenium-devtools-v85\4.0.0\selenium-devtools-v85-4.0.0.jar;C:\Users\lerato.motshabi\.m2\repository\org\seleniumhq\selenium\selenium-devtools-v93\4.0.0\selenium-devtools-v93-4.0.0.jar;C:\Users\lerato.motshabi\.m2\repository\org\seleniumhq\selenium\selenium-devtools-v94\4.0.0\selenium-devtools-v94-4.0.0.jar;C:\Users\lerato.motshabi\.m2\repository\org\seleniumhq\selenium\selenium-devtools-v95\4.0.0\selenium-devtools-v95-4.0.0.jar;C:\Users\lerato.motshabi\.m2\repository\org\seleniumhq\selenium\selenium-edge-driver\4.0.0\selenium-edge-driver-4.0.0.jar;C:\Users\lerato.motshabi\.m2\repository\org\seleniumhq\selenium\selenium-firefox-driver\4.0.0\selenium-firefox-driver-4.0.0.jar;C:\Users\lerato.motshabi\.m2\repository\org\seleniumhq\selenium\selenium-firefox-xpi-driver\4.0.0\selenium-firefox-xpi-driver-4.0.0.jar;C:\Users\lerato.motshabi\.m2\repository\org\seleniumhq\selenium\selenium-ie-driver\4.0.0\selenium-ie-driver-4.0.0.jar;C:\Users\lerato.motshabi\.m2\repository\org\seleniumhq\selenium\selenium-opera-driver\4.0.0\selenium-opera-driver-4.0.0.jar;C:\Users\lerato.motshabi\.m2\repository\org\seleniumhq\selenium\selenium-remote-driver\4.0.0\selenium-remote-driver-4.0.0.jar;C:\Users\lerato.motshabi\.m2\repository\com\beust\jcommander\1.81\jcommander-1.81.jar;C:\Users\lerato.motshabi\.m2\repository\io\netty\netty-buffer\4.1.68.Final\netty-buffer-4.1.68.Final.jar;C:\Users\lerato.motshabi\.m2\repository\io\netty\netty-codec-http\4.1.67.Final\netty-codec-http-4.1.67.Final.jar;C:\Users\lerato.motshabi\.m2\repository\io\netty\netty-codec\4.1.67.Final\netty-codec-4.1.67.Final.jar;C:\Users\lerato.motshabi\.m2\repository\io\netty\netty-handler\4.1.67.Final\netty-handler-4.1.67.Final.jar;C:\Users\lerato.motshabi\.m2\repository\io\netty\netty-common\4.1.68.Final\netty-common-4.1.68.Final.jar;C:\Users\lerato.motshabi\.m2\repository\io\netty\netty-transport-native-epoll\4.1.67.Final\netty-transport-native-epoll-4.1.67.Final.jar;C:\Users\lerato.motshabi\.m2\repository\io\netty\netty-transport-native-kqueue\4.1.67.Final\netty-transport-native-kqueue-4.1.67.Final.jar;C:\Users\lerato.motshabi\.m2\repository\io\netty\netty-transport-native-unix-common\4.1.67.Final\netty-transport-native-unix-common-4.1.67.Final.jar;C:\Users\lerato.motshabi\.m2\repository\io\netty\netty-transport\4.1.68.Final\netty-transport-4.1.68.Final.jar;C:\Users\lerato.motshabi\.m2\repository\io\netty\netty-resolver\4.1.68.Final\netty-resolver-4.1.68.Final.jar;C:\Users\lerato.motshabi\.m2\repository\io\opentelemetry\opentelemetry-api\1.6.0\opentelemetry-api-1.6.0.jar;C:\Users\lerato.motshabi\.m2\repository\io\opentelemetry\opentelemetry-context\1.6.0\opentelemetry-context-1.6.0.jar;C:\Users\lerato.motshabi\.m2\repository\io\opentelemetry\opentelemetry-exporter-logging\1.6.0\opentelemetry-exporter-logging-1.6.0.jar;C:\Users\lerato.motshabi\.m2\repository\io\opentelemetry\opentelemetry-sdk-metrics\1.6.0-alpha\opentelemetry-sdk-metrics-1.6.0-alpha.jar;C:\Users\lerato.motshabi\.m2\repository\io\opentelemetry\opentelemetry-sdk-common\1.6.0\opentelemetry-sdk-common-1.6.0.jar;C:\Users\lerato.motshabi\.m2\repository\io\opentelemetry\opentelemetry-sdk-extension-autoconfigure-spi\1.6.0\opentelemetry-sdk-extension-autoconfigure-spi-1.6.0.jar;C:\Users\lerato.motshabi\.m2\repository\io\opentelemetry\opentelemetry-sdk-extension-autoconfigure\1.6.0-alpha\opentelemetry-sdk-extension-autoconfigure-1.6.0-alpha.jar;C:\Users\lerato.motshabi\.m2\repository\io\opentelemetry\opentelemetry-sdk-trace\1.6.0\opentelemetry-sdk-trace-1.6.0.jar;C:\Users\lerato.motshabi\.m2\repository\io\opentelemetry\opentelemetry-api-metrics\1.6.0-alpha\opentelemetry-api-metrics-1.6.0-alpha.jar;C:\Users\lerato.motshabi\.m2\repository\io\opentelemetry\opentelemetry-sdk\1.6.0\opentelemetry-sdk-1.6.0.jar;C:\Users\lerato.motshabi\.m2\repository\io\opentelemetry\opentelemetry-semconv\1.6.0-alpha\opentelemetry-semconv-1.6.0-alpha.jar;C:\Users\lerato.motshabi\.m2\repository\io\ous\jtoml\2.0.0\jtoml-2.0.0.jar;C:\Users\lerato.motshabi\.m2\repository\net\bytebuddy\byte-buddy\1.11.19\byte-buddy-1.11.19.jar;C:\Users\lerato.motshabi\.m2\repository\org\apache\commons\commons-exec\1.3\commons-exec-1.3.jar;C:\Users\lerato.motshabi\.m2\repository\org\asynchttpclient\async-http-client\2.12.3\async-http-client-2.12.3.jar;C:\Users\lerato.motshabi\.m2\repository\org\asynchttpclient\async-http-client-netty-utils\2.12.3\async-http-client-netty-utils-2.12.3.jar;C:\Users\lerato.motshabi\.m2\repository\io\netty\netty-codec-socks\4.1.60.Final\netty-codec-socks-4.1.60.Final.jar;C:\Users\lerato.motshabi\.m2\repository\io\netty\netty-handler-proxy\4.1.60.Final\netty-handler-proxy-4.1.60.Final.jar;C:\Users\lerato.motshabi\.m2\repository\io\netty\netty-transport-native-epoll\4.1.60.Final\netty-transport-native-epoll-4.1.60.Final-linux-x86_64.jar;C:\Users\lerato.motshabi\.m2\repository\io\netty\netty-transport-native-kqueue\4.1.60.Final\netty-transport-native-kqueue-4.1.60.Final-osx-x86_64.jar;C:\Users\lerato.motshabi\.m2\repository\org\reactivestreams\reactive-streams\1.0.3\reactive-streams-1.0.3.jar;C:\Users\lerato.motshabi\.m2\repository\com\typesafe\netty\netty-reactive-streams\2.0.4\netty-reactive-streams-2.0.4.jar;C:\Users\lerato.motshabi\.m2\repository\org\seleniumhq\selenium\selenium-http\4.0.0\selenium-http-4.0.0.jar;C:\Users\lerato.motshabi\.m2\repository\org\seleniumhq\selenium\selenium-safari-driver\4.0.0\selenium-safari-driver-4.0.0.jar;C:\Users\lerato.motshabi\.m2\repository\org\seleniumhq\selenium\selenium-support\4.0.0\selenium-support-4.0.0.jar;C:\Users\lerato.motshabi\.m2\repository\io\github\bonigarcia\webdrivermanager\5.2.1\webdrivermanager-5.2.1.jar;C:\Users\lerato.motshabi\.m2\repository\org\slf4j\slf4j-api\1.7.36\slf4j-api-1.7.36.jar;C:\Users\lerato.motshabi\.m2\repository\com\google\code\gson\gson\2.9.0\gson-2.9.0.jar;C:\Users\lerato.motshabi\.m2\repository\com\github\docker-java\docker-java\3.2.13\docker-java-3.2.13.jar;C:\Users\lerato.motshabi\.m2\repository\com\github\docker-java\docker-java-core\3.2.13\docker-java-core-3.2.13.jar;C:\Users\lerato.motshabi\.m2\repository\com\github\docker-java\docker-java-api\3.2.13\docker-java-api-3.2.13.jar;C:\Users\lerato.motshabi\.m2\repository\com\fasterxml\jackson\core\jackson-annotations\2.10.3\jackson-annotations-2.10.3.jar;C:\Users\lerato.motshabi\.m2\repository\commons-io\commons-io\2.6\commons-io-2.6.jar;C:\Users\lerato.motshabi\.m2\repository\org\apache\commons\commons-compress\1.21\commons-compress-1.21.jar;C:\Users\lerato.motshabi\.m2\repository\com\fasterxml\jackson\core\jackson-databind\2.10.3\jackson-databind-2.10.3.jar;C:\Users\lerato.motshabi\.m2\repository\com\fasterxml\jackson\core\jackson-core\2.10.3\jackson-core-2.10.3.jar;C:\Users\lerato.motshabi\.m2\repository\org\bouncycastle\bcpkix-jdk15on\1.64\bcpkix-jdk15on-1.64.jar;C:\Users\lerato.motshabi\.m2\repository\org\bouncycastle\bcprov-jdk15on\1.64\bcprov-jdk15on-1.64.jar;C:\Users\lerato.motshabi\.m2\repository\org\slf4j\jcl-over-slf4j\1.7.30\jcl-over-slf4j-1.7.30.jar;C:\Users\lerato.motshabi\.m2\repository\com\github\docker-java\docker-java-transport-httpclient5\3.2.13\docker-java-transport-httpclient5-3.2.13.jar;C:\Users\lerato.motshabi\.m2\repository\com\github\docker-java\docker-java-transport\3.2.13\docker-java-transport-3.2.13.jar;C:\Users\lerato.motshabi\.m2\repository\net\java\dev\jna\jna\5.8.0\jna-5.8.0.jar;C:\Users\lerato.motshabi\.m2\repository\org\brotli\dec\0.1.2\dec-0.1.2.jar;C:\Users\lerato.motshabi\.m2\repository\org\apache\commons\commons-lang3\3.12.0\commons-lang3-3.12.0.jar;C:\Users\lerato.motshabi\.m2\repository\org\apache\httpcomponents\client5\httpclient5\5.1.3\httpclient5-5.1.3.jar;C:\Users\lerato.motshabi\.m2\repository\org\apache\httpcomponents\core5\httpcore5\5.1.3\httpcore5-5.1.3.jar;C:\Users\lerato.motshabi\.m2\repository\org\apache\httpcomponents\core5\httpcore5-h2\5.1.3\httpcore5-h2-5.1.3.jar;C:\Users\lerato.motshabi\.m2\repository\commons-codec\commons-codec\1.15\commons-codec-1.15.jar;C:\Users\lerato.motshabi\.m2\repository\io\cucumber\cucumber-java\7.4.1\cucumber-java-7.4.1.jar;C:\Users\lerato.motshabi\.m2\repository\org\apiguardian\apiguardian-api\1.1.2\apiguardian-api-1.1.2.jar;C:\Users\lerato.motshabi\.m2\repository\io\cucumber\cucumber-core\7.4.1\cucumber-core-7.4.1.jar;C:\Users\lerato.motshabi\.m2\repository\io\cucumber\cucumber-gherkin\7.4.1\cucumber-gherkin-7.4.1.jar;C:\Users\lerato.motshabi\.m2\repository\io\cucumber\cucumber-gherkin-messages\7.4.1\cucumber-gherkin-messages-7.4.1.jar;C:\Users\lerato.motshabi\.m2\repository\io\cucumber\gherkin\23.0.1\gherkin-23.0.1.jar;C:\Users\lerato.motshabi\.m2\repository\io\cucumber\messages\18.0.0\messages-18.0.0.jar;C:\Users\lerato.motshabi\.m2\repository\io\cucumber\tag-expressions\4.1.0\tag-expressions-4.1.0.jar;C:\Users\lerato.motshabi\.m2\repository\io\cucumber\cucumber-expressions\16.0.0\cucumber-expressions-16.0.0.jar;C:\Users\lerato.motshabi\.m2\repository\io\cucumber\datatable\7.4.1\datatable-7.4.1.jar;C:\Users\lerato.motshabi\.m2\repository\io\cucumber\cucumber-plugin\7.4.1\cucumber-plugin-7.4.1.jar;C:\Users\lerato.motshabi\.m2\repository\io\cucumber\docstring\7.4.1\docstring-7.4.1.jar;C:\Users\lerato.motshabi\.m2\repository\io\cucumber\html-formatter\19.2.0\html-formatter-19.2.0.jar;C:\Users\lerato.motshabi\.m2\repository\io\cucumber\ci-environment\9.0.4\ci-environment-9.0.4.jar;C:\Users\lerato.motshabi\.m2\repository\io\cucumber\cucumber-testng\7.4.1\cucumber-testng-7.4.1.jar;C:\Users\lerato.motshabi\.m2\repository\org\testng\testng\7.6.0\testng-7.6.0.jar;C:\Users\lerato.motshabi\.m2\repository\com\google\code\findbugs\jsr305\3.0.2\jsr305-3.0.2.jar;C:\Users\lerato.motshabi\.m2\repository\org\webjars\jquery\3.6.0\jquery-3.6.0.jar;C:\Users\lerato.motshabi\.m2\repository\tech\grasshopper\extentreports-cucumber7-adapter\1.7.0\extentreports-cucumber7-adapter-1.7.0.jar;C:\Users\lerato.motshabi\.m2\repository\com\aventstack\extentreports\5.0.9\extentreports-5.0.9.jar;C:\Users\lerato.motshabi\.m2\repository\io\reactivex\rxjava3\rxjava\3.0.4\rxjava-3.0.4.jar;C:\Users\lerato.motshabi\.m2\repository\org\freemarker\freemarker\2.3.30\freemarker-2.3.30.jar;C:\Users\lerato.motshabi\.m2\repository\tech\grasshopper\extent-pdf-report\2.7.0\extent-pdf-report-2.7.0.jar;C:\Users\lerato.motshabi\.m2\repository\tech\grasshopper\cucumber-pdf-report\2.10.0\cucumber-pdf-report-2.10.0.jar;C:\Users\lerato.motshabi\.m2\repository\org\apache\pdfbox\pdfbox\2.0.26\pdfbox-2.0.26.jar;C:\Users\lerato.motshabi\.m2\repository\org\apache\pdfbox\fontbox\2.0.26\fontbox-2.0.26.jar;C:\Users\lerato.motshabi\.m2\repository\org\knowm\xchart\xchart\3.8.0\xchart-3.8.0.jar;C:\Users\lerato.motshabi\.m2\repository\de\erichseifert\vectorgraphics2d\VectorGraphics2D\0.13\VectorGraphics2D-0.13.jar;C:\Users\lerato.motshabi\.m2\repository\de\rototor\pdfbox\graphics2d\0.30\graphics2d-0.30.jar;C:\Users\lerato.motshabi\.m2\repository\com\madgag\animated-gif-lib\1.4\animated-gif-lib-1.4.jar;C:\Users\lerato.motshabi\.m2\repository\org\yaml\snakeyaml\1.28\snakeyaml-1.28.jar;C:\Users\lerato.motshabi\.m2\repository\tech\grasshopper\table-layout\1.5.1\table-layout-1.5.1.jar;C:\Users\lerato.motshabi\.m2\repository\tech\grasshopper\rest-assured-cucumber-pdf-report\1.4.1\rest-assured-cucumber-pdf-report-1.4.1.jar;C:\Users\lerato.motshabi\.m2\repository\org\jsoup\jsoup\1.14.3\jsoup-1.14.3.jar;C:\Users\lerato.motshabi\.m2\repository\com\aventstack\klov-reporter\5.0.9\klov-reporter-5.0.9.jar;C:\Users\lerato.motshabi\.m2\repository\org\mongodb\mongodb-driver\3.6.4\mongodb-driver-3.6.4.jar;C:\Users\lerato.motshabi\.m2\repository\org\mongodb\mongodb-driver-core\3.6.4\mongodb-driver-core-3.6.4.jar;C:\Users\lerato.motshabi\.m2\repository\org\mongodb\bson\3.6.4\bson-3.6.4.jar;C:\Users\lerato.motshabi\.m2\repository\org\apache\httpcomponents\httpclient\4.5.13\httpclient-4.5.13.jar;C:\Users\lerato.motshabi\.m2\repository\org\apache\httpcomponents\httpcore\4.4.13\httpcore-4.4.13.jar;C:\Users\lerato.motshabi\.m2\repository\commons-logging\commons-logging\1.2\commons-logging-1.2.jar;C:\Users\lerato.motshabi\.m2\repository\org\apache\httpcomponents\httpmime\4.5.13\httpmime-4.5.13.jar;C:\Users\lerato.motshabi\.m2\repository\tech\grasshopper\htmlextentreporter\1.0.1\htmlextentreporter-1.0.1.jar;C:\Users\lerato.motshabi\.m2\repository\com\guicedee\services\jakarta.mail\1.2.2.1\jakarta.mail-1.2.2.1.jar;C:\Users\lerato.motshabi\.m2\repository\com\sun\mail\jakarta.mail\2.0.1\jakarta.mail-2.0.1.jar;C:\Users\lerato.motshabi\.m2\repository\com\sun\activation\jakarta.activation\2.0.1\jakarta.activation-2.0.1.jar;C:\Users\lerato.motshabi\.m2\repository\org\projectlombok\lombok\1.18.24\lombok-1.18.24.jar;"/>
    <property name="sun.cpu.endian" value="little"/>
    <property name="user.home" value="C:\Users\lerato.motshabi"/>
    <property name="user.language" value="en"/>
    <property name="java.specification.vendor" value="Oracle Corporation"/>
    <property name="java.version.date" value="2022-08-18"/>
    <property name="java.home" value="C:\Program Files\Java\jdk-18.0.2.1"/>
    <property name="file.separator" value="\"/>
    <property name="basedir" value="C:\Users\lerato.motshabi\NewSpace\CucumberFramework.nopCommerce"/>
    <property name="java.vm.compressedOopsMode" value="32-bit"/>
    <property name="line.separator" value="&#10;"/>
    <property name="java.vm.specification.vendor" value="Oracle Corporation"/>
    <property name="java.specification.name" value="Java Platform API Specification"/>
    <property name="surefire.real.class.path" value="C:\Users\lerato.motshabi\AppData\Local\Temp\surefire4026839783195715922\surefirebooter-20220902100018559_3.jar"/>
    <property name="user.script" value=""/>
    <property name="sun.management.compiler" value="HotSpot 64-Bit Tiered Compilers"/>
    <property name="java.runtime.version" value="18.0.2.1+1-1"/>
    <property name="user.name" value="Lerato.Motshabi"/>
    <property name="path.separator" value=";"/>
    <property name="os.version" value="10.0"/>
    <property name="java.runtime.name" value="Java(TM) SE Runtime Environment"/>
    <property name="file.encoding" value="UTF-8"/>
    <property name="sun.nio.ch.bugLevel" value=""/>
    <property name="java.vm.name" value="Java HotSpot(TM) 64-Bit Server VM"/>
    <property name="localRepository" value="C:\Users\lerato.motshabi\.m2\repository"/>
    <property name="java.vendor.url.bug" value="https://bugreport.java.com/bugreport/"/>
    <property name="java.io.tmpdir" value="C:\Users\LERATO~1.MOT\AppData\Local\Temp\"/>
    <property name="java.version" value="18.0.2.1"/>
    <property name="user.dir" value="C:\Users\lerato.motshabi\NewSpace\CucumberFramework.nopCommerce"/>
    <property name="os.arch" value="amd64"/>
    <property name="java.vm.specification.name" value="Java Virtual Machine Specification"/>
    <property name="sun.os.patch.level" value=""/>
    <property name="native.encoding" value="Cp1252"/>
    <property name="java.library.path" value="C:\Program Files\Java\jdk-18.0.2.1\bin;C:\WINDOWS\Sun\Java\bin;C:\WINDOWS\system32;C:\WINDOWS;C:\Program Files\Common Files\Oracle\Java\javapath;C:\Program Files (x86)\Common Files\Oracle\Java\javapath;C:\ProgramData\Oracle\Java\javapath;C:\WINDOWS\system32;C:\WINDOWS;C:\WINDOWS\System32\Wbem;C:\WINDOWS\System32\WindowsPowerShell\v1.0\;C:\WINDOWS\System32\OpenSSH\;C:\Program Files (x86)\Enterprise Vault\EVClient\x64\;C:\Program Files (x86)\Sennheiser\SoftphoneSDK\;C:\Program Files\Microsoft SQL Server\Client SDK\ODBC\130\Tools\Binn\;C:\Program Files (x86)\Microsoft SQL Server\140\Tools\Binn\;C:\Program Files\Microsoft SQL Server\140\Tools\Binn\;C:\Program Files\Microsoft SQL Server\140\DTS\Binn\;C:\Program Files (x86)\Microsoft SQL Server\Client SDK\ODBC\130\Tools\Binn\;C:\Program Files (x86)\Microsoft SQL Server\140\DTS\Binn\;C:\Program Files (x86)\Microsoft SQL Server\140\Tools\Binn\ManagementStudio\;C:\Program Files (x86)\Common Files\i2 Shared\Geotrans\;C:\Program Files (x86)\Attachmate\EXTRA!\;C:\Program Files\Intel\WiFi\bin\;C:\Program Files\Common Files\Intel\WirelessCommon\;C:\Program Files\dotnet\;C:\Program Files\Microsoft SQL Server\130\Tools\Binn\;C:\Program Files\Microsoft SQL Server\Client SDK\ODBC\170\Tools\Binn\;C:\Users\lerato.motshabi\Downloads\selenium-server-3.9.1\apache-maven-3.6.3-bin.tar\apache-maven-3.6.3-bin\apache-maven-3.6.3\bin;C:\Program Files\Java\jdk-18.0.2.1\bin;C:\Users\lerato.motshabi\FreshStartSelenium\SeleniumFramework\src\main\resources\drivers\chromedriver.exe;C:\allure-commandline-2.16.0\allure-2.16.0\bin\;C:\Program Files\nodejs\node_modules\npm\bin;C:\Users\lerato.motshabi\AppData\Local\Android\Sdk\tools\bin;C:\Users\lerato.motshabi\AppData\Local\Android\Sdk\tools;C:\Users\lerato.motshabi\AppData\Local\Android\Sdk\platform-tools;C:\Program Files\apache-maven-3.8.6-bin\apache-maven-3.8.6\bin;C:\Program Files\Git\cmd;C:\Program Files (x86)\Intel\Intel(R) Management Engine Components\DAL;C:\Program Files\Intel\Intel(R) Management Engine Components\DAL;C:\Users\lerato.motshabi\scoop\shims;C:\Users\lerato.motshabi\AppData\Local\Microsoft\WindowsApps;C:\Program Files (x86)\Sophos\Sophos SSL VPN Client\bin;C:\Users\lerato.motshabi\AppData\Roaming\npm;."/>
    <property name="java.vm.info" value="mixed mode, sharing"/>
    <property name="java.vendor" value="Oracle Corporation"/>
    <property name="java.vm.version" value="18.0.2.1+1-1"/>
    <property name="sun.io.unicode.encoding" value="UnicodeLittle"/>
    <property name="java.class.version" value="62.0"/>
  </properties>
  <testcase name="runScenario[&quot;Verify that new customer can be added successfully&quot;, &quot;New customer&quot;](1)" classname="runner.runner" time="50.842">
    <failure message="Cannot find email address expected [true] but found [false]" type="java.lang.AssertionError"><![CDATA[java.lang.AssertionError: Cannot find email address expected [true] but found [false]
	at org.testng.Assert.fail(Assert.java:110)
	at org.testng.Assert.failNotEquals(Assert.java:1413)
	at org.testng.Assert.assertTrue(Assert.java:56)
	at StepsDefinition.newCustomerSteps.customer_unique_email_address_should_reflect_in_customers_list(newCustomerSteps.java:110)
	at ✽.customer unique email address should reflect in customers list(file:///C:/Users/lerato.motshabi/NewSpace/CucumberFramework.nopCommerce/src/test/resources/features/addNewCustomerSteps.feature:34)
]]></failure>
    <system-out><![CDATA[
Scenario: Verify that new customer can be added successfully              # src/test/resources/features/addNewCustomerSteps.feature:26
  Given user can login to nopCommerce dashboard                           # StepsDefinition.newCustomerSteps.user_can_login_to_nop_commerce_dashboard()
  And user is in customers page                                           # StepsDefinition.newCustomerSteps.user_is_in_customers_page()
  When user clicks add new button                                         # StepsDefinition.newCustomerSteps.user_clicks_add_new_button()
  And user enters "<email>" in email                                      # StepsDefinition.newCustomerSteps.user_enters_in_email(java.lang.String)
Roloe is Registered
  And user enters guest or registered in customer role                    # StepsDefinition.newCustomerSteps.user_enters_guest_or_registered_in_customer_role()
  And user clicks save button                                             # StepsDefinition.newCustomerSteps.user_clicks_save_button()
  Then MESSAGE The new customer has been added successfully. MUST DISPLAY # StepsDefinition.newCustomerSteps.message_the_new_customer_has_been_added_successfully_must_display()
  And customer unique email address should reflect in customers list      # StepsDefinition.newCustomerSteps.customer_unique_email_address_should_reflect_in_customers_list()
      java.lang.AssertionError: Cannot find email address expected [true] but found [false]
	at org.testng.Assert.fail(Assert.java:110)
	at org.testng.Assert.failNotEquals(Assert.java:1413)
	at org.testng.Assert.assertTrue(Assert.java:56)
	at StepsDefinition.newCustomerSteps.customer_unique_email_address_should_reflect_in_customers_list(newCustomerSteps.java:110)
	at ✽.customer unique email address should reflect in customers list(file:///C:/Users/lerato.motshabi/NewSpace/CucumberFramework.nopCommerce/src/test/resources/features/addNewCustomerSteps.feature:34)

  And user clicks logout button                                           # StepsDefinition.loginSteps.user_clicks_logout_button()
]]></system-out>
    <system-err><![CDATA[SLF4J: Failed to load class "org.slf4j.impl.StaticLoggerBinder".
SLF4J: Defaulting to no-operation (NOP) logger implementation
SLF4J: See http://www.slf4j.org/codes.html#StaticLoggerBinder for further details.
Starting ChromeDriver 105.0.5195.52 (412c95e518836d8a7d97250d62b29c2ae6a26a85-refs/branch-heads/5195@{#853}) on port 57897
Only local connections are allowed.
Please see https://chromedriver.chromium.org/security-considerations for suggestions on keeping ChromeDriver safe.
ChromeDriver was started successfully.
Sep 02, 2022 10:00:34 AM org.openqa.selenium.remote.ProtocolHandshake createSession
INFO: Detected dialect: W3C
Sep 02, 2022 10:00:35 AM org.openqa.selenium.devtools.CdpVersionFinder findNearestMatch
WARNING: Unable to find an exact match for CDP version 105, so returning the closest version found: a no-op implementation
Sep 02, 2022 10:00:35 AM org.openqa.selenium.devtools.CdpVersionFinder findNearestMatch
INFO: Unable to find CDP implementation matching 105.
Sep 02, 2022 10:00:35 AM org.openqa.selenium.chromium.ChromiumDriver lambda$new$3
WARNING: Unable to find version of CDP to use for . You may need to include a dependency on a specific version of the CDP using something similar to `org.seleniumhq.selenium:selenium-devtools-v86:4.0.0` where the version ("v86") matches the version of the chromium-based browser you're using and the version number of the artifact is the same as Selenium's.
]]></system-err>
  </testcase>
  <testcase name="runScenario[&quot;Verify that customer details can be edited successfully&quot;, &quot;New customer&quot;](2)" classname="runner.runner" time="24.109">
    <system-out><![CDATA[
Scenario: Verify that customer details can be edited successfully       # src/test/resources/features/addNewCustomerSteps.feature:39
  Given user can login to nopCommerce dashboard                         # StepsDefinition.newCustomerSteps.user_can_login_to_nop_commerce_dashboard()
  And user is in customers page                                         # StepsDefinition.newCustomerSteps.user_is_in_customers_page()
  When user clicks Edit button                                          # StepsDefinition.newCustomerSteps.user_clicks_edit_button()
  And user enters first name                                            # StepsDefinition.newCustomerSteps.user_enters_first_name()
  And user clicks save button                                           # StepsDefinition.newCustomerSteps.user_clicks_save_button()
  Then MESSAGE The customer has been updated successfully. MUST DISPLAY # StepsDefinition.newCustomerSteps.message_the_customer_has_been_updated_successfully_must_display()
  And customer updated name should reflect in customers list            # StepsDefinition.newCustomerSteps.customer_updated_name_should_reflect_in_customers_list()
  And user clicks logout button                                         # StepsDefinition.loginSteps.user_clicks_logout_button()
]]></system-out>
    <system-err><![CDATA[Starting ChromeDriver 105.0.5195.52 (412c95e518836d8a7d97250d62b29c2ae6a26a85-refs/branch-heads/5195@{#853}) on port 52471
Only local connections are allowed.
Please see https://chromedriver.chromium.org/security-considerations for suggestions on keeping ChromeDriver safe.
ChromeDriver was started successfully.
Sep 02, 2022 10:01:19 AM org.openqa.selenium.remote.ProtocolHandshake createSession
INFO: Detected dialect: W3C
Sep 02, 2022 10:01:19 AM org.openqa.selenium.devtools.CdpVersionFinder findNearestMatch
WARNING: Unable to find an exact match for CDP version 105, so returning the closest version found: a no-op implementation
Sep 02, 2022 10:01:19 AM org.openqa.selenium.devtools.CdpVersionFinder findNearestMatch
INFO: Unable to find CDP implementation matching 105.
Sep 02, 2022 10:01:19 AM org.openqa.selenium.chromium.ChromiumDriver lambda$new$3
WARNING: Unable to find version of CDP to use for . You may need to include a dependency on a specific version of the CDP using something similar to `org.seleniumhq.selenium:selenium-devtools-v86:4.0.0` where the version ("v86") matches the version of the chromium-based browser you're using and the version number of the artifact is the same as Selenium's.
]]></system-err>
  </testcase>
  <testcase name="runScenario[&quot;Verify user can login with valid email address and password&quot;, &quot;login page&quot;](3)" classname="runner.runner" time="14.291">
    <failure message="You are not in admin Page expected [Dashboard / nopCommerce administration12345] but found [Dashboard / nopCommerce administration]" type="java.lang.AssertionError"><![CDATA[java.lang.AssertionError: You are not in admin Page expected [Dashboard / nopCommerce administration12345] but found [Dashboard / nopCommerce administration]
	at org.testng.Assert.fail(Assert.java:110)
	at org.testng.Assert.failNotEquals(Assert.java:1413)
	at org.testng.Assert.assertEqualsImpl(Assert.java:149)
	at org.testng.Assert.assertEquals(Assert.java:131)
	at org.testng.Assert.assertEquals(Assert.java:655)
	at StepsDefinition.loginSteps.user_should_be_in_admin_page(loginSteps.java:48)
	at ✽.user should be in admin page(file:///C:/Users/lerato.motshabi/NewSpace/CucumberFramework.nopCommerce/src/test/resources/features/loginSteps.feature:29)
]]></failure>
    <system-out><![CDATA[
Scenario: Verify user can login with valid email address and password # src/test/resources/features/loginSteps.feature:24
  Given user is in nopCormmece login page                             # StepsDefinition.loginSteps.user_is_in_nop_cormmece_login_page()
  When user enters valid email address                                # StepsDefinition.loginSteps.user_enters_valid_email_address()
  And user enters valid password                                      # StepsDefinition.loginSteps.user_enters_valid_password()
  And user clicks login button                                        # StepsDefinition.loginSteps.user_clicks_login_button()
  Then user should be in admin page                                   # StepsDefinition.loginSteps.user_should_be_in_admin_page()
      java.lang.AssertionError: You are not in admin Page expected [Dashboard / nopCommerce administration12345] but found [Dashboard / nopCommerce administration]
	at org.testng.Assert.fail(Assert.java:110)
	at org.testng.Assert.failNotEquals(Assert.java:1413)
	at org.testng.Assert.assertEqualsImpl(Assert.java:149)
	at org.testng.Assert.assertEquals(Assert.java:131)
	at org.testng.Assert.assertEquals(Assert.java:655)
	at StepsDefinition.loginSteps.user_should_be_in_admin_page(loginSteps.java:48)
	at ✽.user should be in admin page(file:///C:/Users/lerato.motshabi/NewSpace/CucumberFramework.nopCommerce/src/test/resources/features/loginSteps.feature:29)

  And user clicks logout button                                       # StepsDefinition.loginSteps.user_clicks_logout_button()
]]></system-out>
    <system-err><![CDATA[Starting ChromeDriver 105.0.5195.52 (412c95e518836d8a7d97250d62b29c2ae6a26a85-refs/branch-heads/5195@{#853}) on port 57671
Only local connections are allowed.
Please see https://chromedriver.chromium.org/security-considerations for suggestions on keeping ChromeDriver safe.
ChromeDriver was started successfully.
Sep 02, 2022 10:01:43 AM org.openqa.selenium.remote.ProtocolHandshake createSession
INFO: Detected dialect: W3C
Sep 02, 2022 10:01:44 AM org.openqa.selenium.devtools.CdpVersionFinder findNearestMatch
WARNING: Unable to find an exact match for CDP version 105, so returning the closest version found: a no-op implementation
Sep 02, 2022 10:01:44 AM org.openqa.selenium.devtools.CdpVersionFinder findNearestMatch
INFO: Unable to find CDP implementation matching 105.
Sep 02, 2022 10:01:44 AM org.openqa.selenium.chromium.ChromiumDriver lambda$new$3
WARNING: Unable to find version of CDP to use for . You may need to include a dependency on a specific version of the CDP using something similar to `org.seleniumhq.selenium:selenium-devtools-v86:4.0.0` where the version ("v86") matches the version of the chromium-based browser you're using and the version number of the artifact is the same as Selenium's.
]]></system-err>
  </testcase>
  <testcase name="runScenario[&quot;Verify user cannot login with invalid email address and valid password&quot;, &quot;login page&quot;](4)" classname="runner.runner" time="9.547">
    <system-out><![CDATA[
Scenario Outline: Verify user cannot login with invalid email address and valid password # src/test/resources/features/loginSteps.feature:35
  Given user is in nopCormmece login page                                                # StepsDefinition.loginSteps.user_is_in_nop_cormmece_login_page()
  When user enters invalid email address                                                 # StepsDefinition.loginSteps.user_enters_invalid_email_address()
  And user enters valid password                                                         # StepsDefinition.loginSteps.user_enters_valid_password()
  And user clicks login button                                                           # StepsDefinition.loginSteps.user_clicks_login_button()
  Then MESSAGE No customer account found SHOULD DISPLAY                                  # StepsDefinition.loginSteps.message_no_customer_account_found_should_display()
]]></system-out>
    <system-err><![CDATA[Starting ChromeDriver 105.0.5195.52 (412c95e518836d8a7d97250d62b29c2ae6a26a85-refs/branch-heads/5195@{#853}) on port 51774
Only local connections are allowed.
Please see https://chromedriver.chromium.org/security-considerations for suggestions on keeping ChromeDriver safe.
ChromeDriver was started successfully.
Sep 02, 2022 10:01:57 AM org.openqa.selenium.remote.ProtocolHandshake createSession
INFO: Detected dialect: W3C
Sep 02, 2022 10:01:57 AM org.openqa.selenium.devtools.CdpVersionFinder findNearestMatch
WARNING: Unable to find an exact match for CDP version 105, so returning the closest version found: a no-op implementation
Sep 02, 2022 10:01:57 AM org.openqa.selenium.devtools.CdpVersionFinder findNearestMatch
INFO: Unable to find CDP implementation matching 105.
Sep 02, 2022 10:01:57 AM org.openqa.selenium.chromium.ChromiumDriver lambda$new$3
WARNING: Unable to find version of CDP to use for . You may need to include a dependency on a specific version of the CDP using something similar to `org.seleniumhq.selenium:selenium-devtools-v86:4.0.0` where the version ("v86") matches the version of the chromium-based browser you're using and the version number of the artifact is the same as Selenium's.
]]></system-err>
  </testcase>
  <testcase name="runScenario[&quot;Verify user cannot login with valid email address and invalid password&quot;, &quot;login page&quot;](5)" classname="runner.runner" time="10.911">
    <system-out><![CDATA[
Scenario Outline: Verify user cannot login with valid email address and invalid password # src/test/resources/features/loginSteps.feature:44
  Given user is in nopCormmece login page                                                # StepsDefinition.loginSteps.user_is_in_nop_cormmece_login_page()
  When user enters valid email address                                                   # StepsDefinition.loginSteps.user_enters_valid_email_address()
  And user enters invalid password                                                       # StepsDefinition.loginSteps.user_enters_invalid_password()
  And user clicks login button                                                           # StepsDefinition.loginSteps.user_clicks_login_button()
  Then MESSAGE The credentials provided are incorrect SHOULD DISPLAY                     # StepsDefinition.loginSteps.message_the_credentials_provided_are_incorrect_should_display()
]]></system-out>
    <system-err><![CDATA[Starting ChromeDriver 105.0.5195.52 (412c95e518836d8a7d97250d62b29c2ae6a26a85-refs/branch-heads/5195@{#853}) on port 51659
Only local connections are allowed.
Please see https://chromedriver.chromium.org/security-considerations for suggestions on keeping ChromeDriver safe.
ChromeDriver was started successfully.
Sep 02, 2022 10:02:06 AM org.openqa.selenium.remote.ProtocolHandshake createSession
INFO: Detected dialect: W3C
Sep 02, 2022 10:02:06 AM org.openqa.selenium.devtools.CdpVersionFinder findNearestMatch
WARNING: Unable to find an exact match for CDP version 105, so returning the closest version found: a no-op implementation
Sep 02, 2022 10:02:06 AM org.openqa.selenium.devtools.CdpVersionFinder findNearestMatch
INFO: Unable to find CDP implementation matching 105.
Sep 02, 2022 10:02:06 AM org.openqa.selenium.chromium.ChromiumDriver lambda$new$3
WARNING: Unable to find version of CDP to use for . You may need to include a dependency on a specific version of the CDP using something similar to `org.seleniumhq.selenium:selenium-devtools-v86:4.0.0` where the version ("v86") matches the version of the chromium-based browser you're using and the version number of the artifact is the same as Selenium's.
]]></system-err>
  </testcase>
</testsuite>