<?xml version="1.0" encoding="UTF-8"?>
<!-- Generated by org.testng.reporters.JUnitReportReporter -->
<testsuite hostname="F515R72" failures="2" tests="5" name="runner.runner" time="109.690" errors="0" timestamp="2022-09-02T10:02:18 SAST" skipped="0">
  <testcase classname="runner.runner" name="runScenario" time="24.110"/>
  <system-out/>
  <testcase classname="runner.runner" name="runScenario" time="9.545"/>
  <system-out/>
  <testcase classname="runner.runner" name="runScenario" time="14.291">
    <failure message="You are not in admin Page expected [Dashboard / nopCommerce administration12345] but found [Dashboard / nopCommerce administration]" type="java.lang.AssertionError">
      <![CDATA[java.lang.AssertionError: You are not in admin Page expected [Dashboard / nopCommerce administration12345] but found [Dashboard / nopCommerce administration]
at org.testng.Assert.fail(Assert.java:110)
at org.testng.Assert.failNotEquals(Assert.java:1413)
at org.testng.Assert.assertEqualsImpl(Assert.java:149)
at org.testng.Assert.assertEquals(Assert.java:131)
at org.testng.Assert.assertEquals(Assert.java:655)
at StepsDefinition.loginSteps.user_should_be_in_admin_page(loginSteps.java:48)
at ✽.user should be in admin page(file:///C:/Users/lerato.motshabi/NewSpace/CucumberFramework.nopCommerce/src/test/resources/features/loginSteps.feature:29)
]]>
    </failure>
  </testcase> <!-- runScenario -->
  <system-out/>
  <testcase classname="runner.runner" name="runScenario" time="10.910"/>
  <system-out/>
  <testcase classname="runner.runner" name="runScenario" time="50.834">
    <failure message="Cannot find email address expected [true] but found [false]" type="java.lang.AssertionError">
      <![CDATA[java.lang.AssertionError: Cannot find email address expected [true] but found [false]
at org.testng.Assert.fail(Assert.java:110)
at org.testng.Assert.failNotEquals(Assert.java:1413)
at org.testng.Assert.assertTrue(Assert.java:56)
at StepsDefinition.newCustomerSteps.customer_unique_email_address_should_reflect_in_customers_list(newCustomerSteps.java:110)
at ✽.customer unique email address should reflect in customers list(file:///C:/Users/lerato.motshabi/NewSpace/CucumberFramework.nopCommerce/src/test/resources/features/addNewCustomerSteps.feature:34)
]]>
    </failure>
  </testcase> <!-- runScenario -->
  <system-out/>
</testsuite> <!-- runner.runner -->
